Build started 5/13/2016 9:56:06 AM.
     1>Project "C:\Users\Mahindra Persaud\Documents\GitHub\CS3113-Intro-to-Game-Programming\Final - Enigma\NYUCodebase\NYUCodebase.vcxproj" on node 2 (Build target(s)).
     1>ClCompile:
         C:\Program Files (x86)\Microsoft Visual Studio 12.0\VC\bin\CL.exe /c /IC:\SDL2\include /IC:\SDL2_image\include /IC:\glew\include /IC:\SDL2_mixer\include /ZI /nologo /W3 /WX- /sdl /Od /Oy- /D _WINDOWS /D _MBCS /D _MBCS /Gm /EHsc /RTC1 /MDd /GS /fp:precise /Zc:wchar_t /Zc:forScope /Fo"Debug\\" /Fd"Debug\vc120.pdb" /Gd /TP /analyze- /errorReport:prompt ClassDemoApp.cpp Entity.cpp main.cpp Matrix.cpp ShaderProgram.cpp SpriteSheet.cpp
         SpriteSheet.cpp
     1>c:\users\mahindra persaud\documents\github\cs3113-intro-to-game-programming\final - enigma\nyucodebase\spritesheet.cpp(9): warning C4244: '=' : conversion from 'float' to 'unsigned int', possible loss of data
     1>c:\users\mahindra persaud\documents\github\cs3113-intro-to-game-programming\final - enigma\nyucodebase\spritesheet.cpp(9): warning C4244: '=' : conversion from 'unsigned int' to 'float', possible loss of data
         ShaderProgram.cpp
         Matrix.cpp
     1>c:\users\mahindra persaud\documents\github\cs3113-intro-to-game-programming\final - enigma\nyucodebase\matrix.cpp(213): warning C4244: 'argument' : conversion from 'double' to 'float', possible loss of data
     1>c:\users\mahindra persaud\documents\github\cs3113-intro-to-game-programming\final - enigma\nyucodebase\matrix.cpp(214): warning C4244: 'argument' : conversion from 'double' to 'float', possible loss of data
         main.cpp
         Entity.cpp
     1>c:\users\mahindra persaud\documents\github\cs3113-intro-to-game-programming\final - enigma\nyucodebase\entity.cpp(25): warning C4244: 'return' : conversion from 'double' to 'float', possible loss of data
         ClassDemoApp.cpp
     1>c:\users\mahindra persaud\documents\github\cs3113-intro-to-game-programming\final - enigma\nyucodebase\classdemoapp.cpp(72): warning C4305: 'argument' : truncation from 'double' to 'float'
     1>c:\users\mahindra persaud\documents\github\cs3113-intro-to-game-programming\final - enigma\nyucodebase\classdemoapp.cpp(308): warning C4244: '+=' : conversion from 'float' to 'int', possible loss of data
     1>c:\users\mahindra persaud\documents\github\cs3113-intro-to-game-programming\final - enigma\nyucodebase\classdemoapp.cpp(372): warning C4018: '<' : signed/unsigned mismatch
     1>c:\users\mahindra persaud\documents\github\cs3113-intro-to-game-programming\final - enigma\nyucodebase\classdemoapp.cpp(414): warning C4244: 'return' : conversion from 'double' to 'float', possible loss of data
         Generating Code...
       Link:
         C:\Program Files (x86)\Microsoft Visual Studio 12.0\VC\bin\link.exe /ERRORREPORT:PROMPT /OUT:"C:\Users\Mahindra Persaud\Documents\GitHub\CS3113-Intro-to-Game-Programming\Final - Enigma\Debug\NYUCodebase.exe" /INCREMENTAL /NOLOGO /LIBPATH:C:\SDL2_mixer\lib\x86 /LIBPATH:C:\SDL2\lib\x86 /LIBPATH:C:\SDL2_image\lib\x86 /LIBPATH:C:\glew\lib\Release\Win32 SDL2.lib SDL2_mixer.lib glew32.lib SDL2main.lib SDL2_image.lib OpenGL32.lib /MANIFEST /MANIFESTUAC:"level='asInvoker' uiAccess='false'" /manifest:embed /DEBUG /PDB:"C:\Users\Mahindra Persaud\Documents\GitHub\CS3113-Intro-to-Game-Programming\Final - Enigma\Debug\NYUCodebase.pdb" /SUBSYSTEM:WINDOWS /TLBID:1 /DYNAMICBASE /NXCOMPAT /IMPLIB:"C:\Users\Mahindra Persaud\Documents\GitHub\CS3113-Intro-to-Game-Programming\Final - Enigma\Debug\NYUCodebase.lib" /MACHINE:X86 Debug\ClassDemoApp.obj
         Debug\Entity.obj
         Debug\main.obj
         Debug\Matrix.obj
         Debug\ShaderProgram.obj
         Debug\SpriteSheet.obj
     1>MSVCRTD.lib(cinitexe.obj) : warning LNK4098: defaultlib 'msvcrt.lib' conflicts with use of other libs; use /NODEFAULTLIB:library
         NYUCodebase.vcxproj -> C:\Users\Mahindra Persaud\Documents\GitHub\CS3113-Intro-to-Game-Programming\Final - Enigma\Debug\NYUCodebase.exe
     1>Done Building Project "C:\Users\Mahindra Persaud\Documents\GitHub\CS3113-Intro-to-Game-Programming\Final - Enigma\NYUCodebase\NYUCodebase.vcxproj" (Build target(s)).

Build succeeded.

Time Elapsed 00:00:03.63
